<?xml version="1.0" encoding="UTF-8"?>
<!-- Generated by org.testng.reporters.JUnitReportReporter -->
<testsuite hostname="LAPTOP-2GPD92DT" failures="0" tests="3" name="com.challenge.RunCucumberTest" time="11.621" errors="0" timestamp="2022-10-10T15:31:19 ART" skipped="0">
  <testcase classname="com.challenge.RunCucumberTest" name="runScenario" time="1.201"/>
  <system-out/>
  <testcase classname="com.challenge.RunCucumberTest" name="runScenario" time="9.103"/>
  <system-out/>
  <testcase classname="com.challenge.RunCucumberTest" name="runScenario" time="1.317"/>
  <system-out/>
</testsuite> <!-- com.challenge.RunCucumberTest -->
