<?xml version="1.0" encoding="UTF-8"?>
<!-- Generated by org.testng.reporters.JUnitReportReporter -->
<testsuite hostname="LAPTOP-2GPD92DT" failures="0" tests="3" name="com.challenge.RunCucumberTest" time="7.879" errors="0" timestamp="2023-03-01T10:46:08 ART" skipped="0">
  <testcase classname="com.challenge.RunCucumberTest" name="runScenario" time="5.451"/>
  <system-out/>
  <testcase classname="com.challenge.RunCucumberTest" name="runScenario" time="1.223"/>
  <system-out/>
  <testcase classname="com.challenge.RunCucumberTest" name="runScenario" time="1.205"/>
  <system-out/>
</testsuite> <!-- com.challenge.RunCucumberTest -->
